#-----------------------------------------------------------
# Webtalk v2019.2 (64-bit)
# SW Build 2708876 on Wed Nov  6 21:40:23 MST 2019
# 
# Start of session at: Tue Aug 20 21:04:47 2024
# Process ID: 1428
# Current directory: C:/Users/bazoubel/Desktop/workspace_Gaussian5x5_onRepeat_Eth/webtalk
# Command line: wbtcv.exe -mode batch -source vitis_webtalk.tcl
# Log file: C:/Users/bazoubel/Desktop/workspace_Gaussian5x5_onRepeat_Eth/webtalk/webtalk.log
# Journal file: C:/Users/bazoubel/Desktop/workspace_Gaussian5x5_onRepeat_Eth/webtalk\webtalk.jou
#-----------------------------------------------------------
source vitis_webtalk.tcl
# webtalk_init -webtalk_dir C:\\Users\\bazoubel\\Desktop\\workspace_Gaussian5x5_onRepeat_Eth\\webtalk
# webtalk_register_client -client project
# webtalk_add_data -client project -key date_generated -value "2024-08-20 21:04:38" -context "software_version_and_target_device"
# webtalk_add_data -client project -key product_version -value "Vitis v2019.2" -context "software_version_and_target_device"
# webtalk_add_data -client project -key build_version -value "2019.2" -context "software_version_and_target_device"
# webtalk_add_data -client project -key os_platform -value "amd64" -context "software_version_and_target_device"
# webtalk_add_data -client project -key registration_id -value "NA" -context "software_version_and_target_device"
# webtalk_add_data -client project -key tool_flow -value "Vitis" -context "software_version_and_target_device"
# webtalk_add_data -client project -key beta -value "false" -context "software_version_and_target_device"
# webtalk_add_data -client project -key route_design -value "NA" -context "software_version_and_target_device"
# webtalk_add_data -client project -key target_family -value "NA" -context "software_version_and_target_device"
# webtalk_add_data -client project -key target_device -value "NA" -context "software_version_and_target_device"
# webtalk_add_data -client project -key target_package -value "NA" -context "software_version_and_target_device"
# webtalk_add_data -client project -key target_speed -value "NA" -context "software_version_and_target_device"
# webtalk_add_data -client project -key random_id -value "mgv4kv9ivrnhq55uadco7k2smv" -context "software_version_and_target_device"
# webtalk_add_data -client project -key project_id -value "2019.2_71" -context "software_version_and_target_device"
# webtalk_add_data -client project -key project_iteration -value "71" -context "software_version_and_target_device"
# webtalk_add_data -client project -key os_name -value "Microsoft Windows 8 or later , 64-bit" -context "user_environment"
# webtalk_add_data -client project -key os_release -value "major release  (build 9200)" -context "user_environment"
# webtalk_add_data -client project -key cpu_name -value "12th Gen Intel(R) Core(TM) i5-1235U" -context "user_environment"
# webtalk_add_data -client project -key cpu_speed -value "2496 MHz" -context "user_environment"
# webtalk_add_data -client project -key total_processors -value "1" -context "user_environment"
# webtalk_add_data -client project -key system_ram -value "33.974 GB" -context "user_environment"
# webtalk_register_client -client vitis
# webtalk_add_data -client vitis -key uid -value "NA" -context "vitis\\\\tool/1724180677952"
# webtalk_add_data -client vitis -key RecordType -value "ToolUsage" -context "vitis\\\\tool/1724180677952"
# webtalk_add_data -client vitis -key BOOTGEN_count -value "0" -context "vitis\\\\tool/1724180677952"
# webtalk_add_data -client vitis -key FLASH_count -value "0" -context "vitis\\\\tool/1724180677952"
# webtalk_add_data -client vitis -key MOVE_APP_TO_SYSTEM_count -value "0" -context "vitis\\\\tool/1724180677952"
# webtalk_add_data -client vitis -key SDX_EXPORT_count -value "0" -context "vitis\\\\tool/1724180677952"
# webtalk_add_data -client vitis -key SDX_IMPORT_count -value "0" -context "vitis\\\\tool/1724180677952"
# webtalk_add_data -client vitis -key SDX_BUILD_count -value "5" -context "vitis\\\\tool/1724180677952"
# webtalk_add_data -client vitis -key SDX_NO_OP_BUILD_count -value "3" -context "vitis\\\\tool/1724180677952"
# webtalk_add_data -client vitis -key TCF_APP_DEBUG_count -value "14" -context "vitis\\\\tool/1724180677952"
# webtalk_add_data -client vitis -key TCF_SYSTEM_DEBUG_count -value "14" -context "vitis\\\\tool/1724180677952"
# webtalk_add_data -client vitis -key GDB_DEBUG_count -value "0" -context "vitis\\\\tool/1724180677952"
# webtalk_add_data -client vitis -key QEMU_DEBUG_count -value "0" -context "vitis\\\\tool/1724180677952"
# webtalk_add_data -client vitis -key ESTIMATION_DEBUG_count -value "0" -context "vitis\\\\tool/1724180677952"
# webtalk_add_data -client vitis -key SDSOC_TRACE_count -value "0" -context "vitis\\\\tool/1724180677952"
# webtalk_add_data -client vitis -key PERFORMANCE_ANALYSIS_count -value "0" -context "vitis\\\\tool/1724180677952"
# webtalk_add_data -client vitis -key SPM_ANALYSIS_count -value "0" -context "vitis\\\\tool/1724180677952"
# webtalk_add_data -client vitis -key CROSS_TRIGGER_count -value "0" -context "vitis\\\\tool/1724180677952"
# webtalk_add_data -client vitis -key TCF_PROFILER_count -value "0" -context "vitis\\\\tool/1724180677952"
# webtalk_add_data -client vitis -key APPLICATION_PLATFORM_CHANGE_count -value "0" -context "vitis\\\\tool/1724180677952"
# webtalk_add_data -client vitis -key APPLICATION_SYS_CONFIG_CHANGE_count -value "0" -context "vitis\\\\tool/1724180677952"
# webtalk_add_data -client vitis -key SYSTEM_PLATFORM_CHANGE_count -value "0" -context "vitis\\\\tool/1724180677952"
# webtalk_transmit -clientid 1011987272 -regid "" -xml C:\\Users\\bazoubel\\Desktop\\workspace_Gaussian5x5_onRepeat_Eth\\webtalk\\usage_statistics_ext_vitis.xml -html C:\\Users\\bazoubel\\Desktop\\workspace_Gaussian5x5_onRepeat_Eth\\webtalk\\usage_statistics_ext_vitis.html -wdm C:\\Users\\bazoubel\\Desktop\\workspace_Gaussian5x5_onRepeat_Eth\\webtalk\\vitis_webtalk.wdm -intro "<H3>Vitis Usage Report</H3><BR>"
# webtalk_terminate
INFO: [Common 17-206] Exiting Webtalk at Tue Aug 20 21:04:49 2024...
